umeng_android_social_sdk_6.1.1_custom/social_sdk_example_as/app/build/outputs/mapping/debug/mapping.txt
com.umeng.soexample.App -> com.umeng.soexample.App:
    12:39:void <init>() -> <init>
    16:20:void onCreate() -> onCreate
com.umeng.soexample.AuthActivity -> com.umeng.soexample.AuthActivity:
    android.widget.ListView listView -> b
    com.umeng.soexample.model.AuthAdapter shareAdapter -> c
    java.util.ArrayList platforms -> a
    com.umeng.socialize.bean.SHARE_MEDIA[] list -> d
    25:29:void <init>() -> <init>
    33:54:void onCreate(android.os.Bundle) -> onCreate
    56:62:void initPlatforms() -> a
    66:68:void onActivityResult(int,int,android.content.Intent) -> onActivityResult
com.umeng.soexample.AuthActivity$1 -> com.umeng.soexample.a:
    com.umeng.soexample.AuthActivity this$0 -> a
    48:48:void <init>(com.umeng.soexample.AuthActivity) -> <init>
    51:52:void onClick(android.view.View) -> onClick
com.umeng.soexample.BuildConfig -> com.umeng.soexample.b:
    boolean DEBUG -> a
    java.lang.String APPLICATION_ID -> b
    java.lang.String BUILD_TYPE -> c
    java.lang.String FLAVOR -> d
    int VERSION_CODE -> e
    java.lang.String VERSION_NAME -> f
    6:6:void <init>() -> <init>
    7:7:void <clinit>() -> <clinit>
com.umeng.soexample.CheckActivity -> com.umeng.soexample.CheckActivity:
    android.widget.LinearLayout list -> a
    int checkstyle -> b
    android.widget.EditText ed -> c
    18:20:void <init>() -> <init>
    24:118:void onCreate(android.os.Bundle) -> onCreate
    18:18:android.widget.LinearLayout access$000(com.umeng.soexample.CheckActivity) -> a
    18:18:int access$100(com.umeng.soexample.CheckActivity) -> b
    18:18:int access$102(com.umeng.soexample.CheckActivity,int) -> a
    18:18:android.widget.EditText access$200(com.umeng.soexample.CheckActivity) -> c
com.umeng.soexample.CheckActivity$1 -> com.umeng.soexample.c:
    com.umeng.soexample.CheckActivity this$0 -> a
    35:35:void <init>(com.umeng.soexample.CheckActivity) -> <init>
    38:39:void onClick(android.view.View) -> onClick
com.umeng.soexample.CheckActivity$2 -> com.umeng.soexample.d:
    com.umeng.soexample.CheckActivity this$0 -> a
    42:42:void <init>(com.umeng.soexample.CheckActivity) -> <init>
    45:50:void onClick(android.view.View) -> onClick
com.umeng.soexample.CheckActivity$3 -> com.umeng.soexample.e:
    com.umeng.soexample.CheckActivity this$0 -> a
    52:52:void <init>(com.umeng.soexample.CheckActivity) -> <init>
    55:68:void onClick(android.view.View) -> onClick
com.umeng.soexample.CheckActivity$4 -> com.umeng.soexample.f:
    com.umeng.soexample.CheckActivity this$0 -> a
    70:70:void <init>(com.umeng.soexample.CheckActivity) -> <init>
    73:76:void onClick(android.view.View) -> onClick
com.umeng.soexample.CheckActivity$5 -> com.umeng.soexample.g:
    com.umeng.soexample.CheckActivity this$0 -> a
    78:78:void <init>(com.umeng.soexample.CheckActivity) -> <init>
    81:84:void onClick(android.view.View) -> onClick
com.umeng.soexample.CheckActivity$6 -> com.umeng.soexample.h:
    com.umeng.soexample.CheckActivity this$0 -> a
    86:86:void <init>(com.umeng.soexample.CheckActivity) -> <init>
    89:92:void onClick(android.view.View) -> onClick
com.umeng.soexample.CheckActivity$7 -> com.umeng.soexample.i:
    com.umeng.soexample.CheckActivity this$0 -> a
    94:94:void <init>(com.umeng.soexample.CheckActivity) -> <init>
    97:100:void onClick(android.view.View) -> onClick
com.umeng.soexample.CheckActivity$8 -> com.umeng.soexample.j:
    com.umeng.soexample.CheckActivity this$0 -> a
    102:102:void <init>(com.umeng.soexample.CheckActivity) -> <init>
    105:108:void onClick(android.view.View) -> onClick
com.umeng.soexample.CheckActivity$9 -> com.umeng.soexample.k:
    com.umeng.soexample.CheckActivity this$0 -> a
    110:110:void <init>(com.umeng.soexample.CheckActivity) -> <init>
    113:116:void onClick(android.view.View) -> onClick
...
im.yixin.sdk.api.YXApiImplementation$1 -> im.yixin.sdk.api.j:
    im.yixin.sdk.api.YXApiImplementation this$0 -> a
    void <init>(im.yixin.sdk.api.YXApiImplementation) -> <init>
    void run() -> run
im.yixin.sdk.api.YXApiImplementation$2 -> im.yixin.sdk.api.k:
    im.yixin.sdk.api.YXApiImplementation this$0 -> a
    void <init>(im.yixin.sdk.api.YXApiImplementation) -> <init>
    void run() -> run
im.yixin.sdk.api.YXFileMessageData -> im.yixin.sdk.api.YXFileMessageData:
    byte[] fileData -> fileData
    java.lang.String filePath -> filePath
    void <init>() -> <init>
    void <init>(byte[]) -> <init>
    void <init>(java.lang.String) -> <init>
    boolean verifyData() -> verifyData
    void read(android.os.Bundle) -> read
    void write(android.os.Bundle) -> write
    im.yixin.sdk.api.YXMessage$MessageType dataType() -> dataType
im.yixin.sdk.api.YXImageMessageData -> im.yixin.sdk.api.YXImageMessageData:
    byte[] imageData -> imageData
    java.lang.String imagePath -> imagePath
    java.lang.String imageUrl -> imageUrl
    void <init>() -> <init>
    void <init>(byte[]) -> <init>
    void <init>(android.graphics.Bitmap) -> <init>
    boolean verifyData() -> verifyData
    void read(android.os.Bundle) -> read
    void write(android.os.Bundle) -> write
    im.yixin.sdk.api.YXMessage$MessageType dataType() -> dataType
im.yixin.sdk.api.YXMessage -> im.yixin.sdk.api.YXMessage:
    int version -> version
    im.yixin.sdk.api.YXMessage$YXMessageData messageData -> messageData
    java.lang.String title -> title
    java.lang.String description -> description
    byte[] thumbData -> thumbData
    void <init>() -> <init>
    void <init>(im.yixin.sdk.api.YXMessage$YXMessageData) -> <init>
    boolean verifyData() -> verifyData
im.yixin.sdk.api.YXMessage$Converter -> im.yixin.sdk.api.YXMessage$a:
    java.lang.String DATA_CLASS_KEY -> a
    java.lang.String VERSION_KEY -> b
    void <init>() -> <init>
    android.os.Bundle write(im.yixin.sdk.api.YXMessage) -> a
    im.yixin.sdk.api.YXMessage read(android.os.Bundle) -> a
im.yixin.sdk.api.YXMessage$MessageType -> im.yixin.sdk.api.YXMessage$b:
    im.yixin.sdk.api.YXMessage$MessageType UNKNOWN -> a
    im.yixin.sdk.api.YXMessage$MessageType TEXT -> b
    im.yixin.sdk.api.YXMessage$MessageType IMAGE -> c
    im.yixin.sdk.api.YXMessage$MessageType MUSIC -> d
    im.yixin.sdk.api.YXMessage$MessageType VIDEO -> e
    im.yixin.sdk.api.YXMessage$MessageType FILE -> f
    im.yixin.sdk.api.YXMessage$MessageType MAP -> g
    im.yixin.sdk.api.YXMessage$MessageType CARD -> h
    im.yixin.sdk.api.YXMessage$MessageType WEB_PAGE -> i
    im.yixin.sdk.api.YXMessage$MessageType[] $VALUES -> j
    im.yixin.sdk.api.YXMessage$MessageType[] values() -> values
    im.yixin.sdk.api.YXMessage$MessageType valueOf(java.lang.String) -> valueOf
    void <init>(java.lang.String,int) -> <init>
    void <clinit>() -> <clinit>
im.yixin.sdk.api.YXMessage$YXMessageData -> im.yixin.sdk.api.YXMessage$c:
    boolean verifyData() -> verifyData
    void read(android.os.Bundle) -> read
    void write(android.os.Bundle) -> write
    im.yixin.sdk.api.YXMessage$MessageType dataType() -> dataType
im.yixin.sdk.api.YXMessageBuilder -> im.yixin.sdk.api.l:
    void <init>() -> <init>
    im.yixin.sdk.api.YXMessage buildImageMessage(android.graphics.Bitmap,java.lang.String,java.lang.String) -> a
im.yixin.sdk.api.YXMusicMessageData -> im.yixin.sdk.api.YXMusicMessageData:
    java.lang.String musicUrl -> musicUrl
    java.lang.String musicLowBandUrl -> musicLowBandUrl
    java.lang.String musicDataUrl -> musicDataUrl
    java.lang.String musicLowBandDataUrl -> musicLowBandDataUrl
    void <init>() -> <init>
    boolean verifyData() -> verifyData
    void read(android.os.Bundle) -> read
    void write(android.os.Bundle) -> write
    im.yixin.sdk.api.YXMessage$MessageType dataType() -> dataType